mode: set
balance_avito/internal/infrastructure/sql_database/generated/sqlc/transactions_history.sql.go:29.99,38.2 2 0
balance_avito/internal/handlers/fund_handlers/mocks/mock_fund.go:27.61,31.2 3 0
balance_avito/internal/handlers/fund_handlers/mocks/mock_fund.go:34.59,36.2 1 0
balance_avito/internal/handlers/fund_handlers/mocks/mock_fund.go:39.97,44.2 4 0
balance_avito/internal/handlers/fund_handlers/mocks/mock_fund.go:47.94,50.2 2 0
balance_avito/internal/handlers/fund_handlers/mocks/mock_fund.go:53.82,58.2 4 0
balance_avito/internal/handlers/fund_handlers/mocks/mock_fund.go:61.83,64.2 2 0
balance_avito/internal/handlers/fund_handlers/mocks/mock_fund.go:67.104,73.2 5 0
balance_avito/internal/handlers/fund_handlers/mocks/mock_fund.go:76.87,79.2 2 0
balance_avito/internal/handlers/fund_handlers/mocks/mock_fund.go:82.97,87.2 4 0
balance_avito/internal/handlers/fund_handlers/mocks/mock_fund.go:90.94,93.2 2 0
balance_avito/internal/handlers/fund_handlers/mocks/mock_fund.go:96.95,101.2 4 0
balance_avito/internal/handlers/fund_handlers/mocks/mock_fund.go:104.92,107.2 2 0
balance_avito/docs/docs.go:371.13,373.2 1 1
balance_avito/internal/models/types/types.go:19.34,21.2 1 0
balance_avito/internal/models/types/types.go:23.36,25.2 1 0
balance_avito/internal/models/types/types.go:27.33,29.2 1 0
balance_avito/internal/models/types/types.go:31.36,33.2 1 0
balance_avito/internal/models/types/types.go:35.30,37.2 1 0
balance_avito/internal/models/types/types.go:39.29,41.2 1 0
balance_avito/internal/models/types/types.go:43.32,45.2 1 0
balance_avito/internal/models/types/types.go:47.34,49.2 1 0
balance_avito/internal/models/types/types.go:51.31,53.2 1 0
balance_avito/internal/models/types/types.go:55.31,57.2 1 1
balance_avito/internal/models/types/types.go:59.34,61.2 1 0
balance_avito/internal/models/types/types.go:63.32,65.2 1 0
balance_avito/internal/models/types/types.go:67.29,69.2 1 0
balance_avito/internal/models/models.go:63.40,64.27 1 0
balance_avito/internal/models/models.go:68.2,68.28 1 0
balance_avito/internal/models/models.go:72.2,72.30 1 0
balance_avito/internal/models/models.go:76.2,76.25 1 0
balance_avito/internal/models/models.go:80.2,80.12 1 0
balance_avito/internal/models/models.go:64.27,66.3 1 0
balance_avito/internal/models/models.go:68.28,70.3 1 0
balance_avito/internal/models/models.go:72.30,74.3 1 0
balance_avito/internal/models/models.go:76.25,78.3 1 0
balance_avito/internal/models/models.go:83.36,84.27 1 0
balance_avito/internal/models/models.go:87.2,87.27 1 0
balance_avito/internal/models/models.go:91.2,91.12 1 0
balance_avito/internal/models/models.go:84.27,86.3 1 0
balance_avito/internal/models/models.go:87.27,89.3 1 0
balance_avito/internal/models/models.go:94.35,95.27 1 0
balance_avito/internal/models/models.go:98.2,98.12 1 0
balance_avito/internal/models/models.go:95.27,97.3 1 0
balance_avito/internal/models/models.go:101.54,102.27 1 1
balance_avito/internal/models/models.go:105.2,105.18 1 1
balance_avito/internal/models/models.go:108.2,108.40 1 1
balance_avito/internal/models/models.go:111.2,111.38 1 1
balance_avito/internal/models/models.go:114.2,114.17 1 1
balance_avito/internal/models/models.go:117.2,117.12 1 1
balance_avito/internal/models/models.go:102.27,104.3 1 1
balance_avito/internal/models/models.go:105.18,107.3 1 1
balance_avito/internal/models/models.go:108.40,110.3 1 1
balance_avito/internal/models/models.go:111.38,113.3 1 1
balance_avito/internal/models/models.go:114.17,116.3 1 1
balance_avito/internal/models/models.go:120.39,121.33 1 1
balance_avito/internal/models/models.go:124.2,124.36 1 1
balance_avito/internal/models/models.go:127.2,127.12 1 1
balance_avito/internal/models/models.go:121.33,123.3 1 1
balance_avito/internal/models/models.go:124.36,126.3 1 1
balance_avito/internal/infrastructure/echo_framework/fund_echo/fund_echo.go:26.38,28.2 1 0
balance_avito/internal/infrastructure/echo_framework/fund_echo/fund_echo.go:39.50,43.16 3 0
balance_avito/internal/infrastructure/echo_framework/fund_echo/fund_echo.go:48.2,49.16 2 0
balance_avito/internal/infrastructure/echo_framework/fund_echo/fund_echo.go:54.2,54.37 1 0
balance_avito/internal/infrastructure/echo_framework/fund_echo/fund_echo.go:43.16,46.3 2 0
balance_avito/internal/infrastructure/echo_framework/fund_echo/fund_echo.go:49.16,52.3 2 0
balance_avito/internal/infrastructure/echo_framework/fund_echo/fund_echo.go:66.55,70.16 3 0
balance_avito/internal/infrastructure/echo_framework/fund_echo/fund_echo.go:75.2,76.16 2 0
balance_avito/internal/infrastructure/echo_framework/fund_echo/fund_echo.go:81.2,81.37 1 0
balance_avito/internal/infrastructure/echo_framework/fund_echo/fund_echo.go:70.16,73.3 2 0
balance_avito/internal/infrastructure/echo_framework/fund_echo/fund_echo.go:76.16,79.3 2 0
balance_avito/internal/infrastructure/echo_framework/fund_echo/fund_echo.go:93.57,97.16 3 0
balance_avito/internal/infrastructure/echo_framework/fund_echo/fund_echo.go:102.2,103.16 2 0
balance_avito/internal/infrastructure/echo_framework/fund_echo/fund_echo.go:108.2,108.37 1 0
balance_avito/internal/infrastructure/echo_framework/fund_echo/fund_echo.go:97.16,100.3 2 0
balance_avito/internal/infrastructure/echo_framework/fund_echo/fund_echo.go:103.16,106.3 2 0
balance_avito/internal/infrastructure/echo_framework/fund_echo/fund_echo.go:120.57,124.16 3 0
balance_avito/internal/infrastructure/echo_framework/fund_echo/fund_echo.go:129.2,130.16 2 0
balance_avito/internal/infrastructure/echo_framework/fund_echo/fund_echo.go:135.2,135.37 1 0
balance_avito/internal/infrastructure/echo_framework/fund_echo/fund_echo.go:124.16,127.3 2 0
balance_avito/internal/infrastructure/echo_framework/fund_echo/fund_echo.go:130.16,133.3 2 0
balance_avito/internal/infrastructure/echo_framework/fund_echo/fund_echo.go:147.54,151.16 3 0
balance_avito/internal/infrastructure/echo_framework/fund_echo/fund_echo.go:156.2,157.16 2 0
balance_avito/internal/infrastructure/echo_framework/fund_echo/fund_echo.go:162.2,162.86 1 0
balance_avito/internal/infrastructure/echo_framework/fund_echo/fund_echo.go:151.16,154.3 2 0
balance_avito/internal/infrastructure/echo_framework/fund_echo/fund_echo.go:157.16,160.3 2 0
balance_avito/internal/infrastructure/sql_database/generated/sqlc/get_transactions_history.sql.go:33.59,36.35 2 0
balance_avito/internal/infrastructure/sql_database/generated/sqlc/get_transactions_history.sql.go:46.2,46.14 1 0
balance_avito/internal/infrastructure/sql_database/generated/sqlc/get_transactions_history.sql.go:36.35,38.3 1 0
balance_avito/internal/infrastructure/sql_database/generated/sqlc/get_transactions_history.sql.go:38.8,38.26 1 0
balance_avito/internal/infrastructure/sql_database/generated/sqlc/get_transactions_history.sql.go:38.26,40.3 1 0
balance_avito/internal/infrastructure/sql_database/generated/sqlc/get_transactions_history.sql.go:40.8,40.25 1 0
balance_avito/internal/infrastructure/sql_database/generated/sqlc/get_transactions_history.sql.go:40.25,42.3 1 0
balance_avito/internal/infrastructure/sql_database/generated/sqlc/get_transactions_history.sql.go:42.8,44.3 1 0
balance_avito/internal/infrastructure/sql_database/generated/sqlc/get_transactions_history.sql.go:49.131,53.16 3 0
balance_avito/internal/infrastructure/sql_database/generated/sqlc/get_transactions_history.sql.go:56.2,58.18 3 0
balance_avito/internal/infrastructure/sql_database/generated/sqlc/get_transactions_history.sql.go:70.2,70.37 1 0
balance_avito/internal/infrastructure/sql_database/generated/sqlc/get_transactions_history.sql.go:73.2,73.35 1 0
balance_avito/internal/infrastructure/sql_database/generated/sqlc/get_transactions_history.sql.go:76.2,76.19 1 0
balance_avito/internal/infrastructure/sql_database/generated/sqlc/get_transactions_history.sql.go:53.16,55.3 1 0
balance_avito/internal/infrastructure/sql_database/generated/sqlc/get_transactions_history.sql.go:58.18,65.17 2 0
balance_avito/internal/infrastructure/sql_database/generated/sqlc/get_transactions_history.sql.go:68.3,68.27 1 0
balance_avito/internal/infrastructure/sql_database/generated/sqlc/get_transactions_history.sql.go:65.17,67.4 1 0
balance_avito/internal/infrastructure/sql_database/generated/sqlc/get_transactions_history.sql.go:70.37,72.3 1 0
balance_avito/internal/infrastructure/sql_database/generated/sqlc/get_transactions_history.sql.go:73.35,75.3 1 0
balance_avito/internal/infrastructure/sql_database/generated/sqlc/db.go:19.28,21.2 1 0
balance_avito/internal/infrastructure/sql_database/generated/sqlc/db.go:27.47,31.2 1 0
balance_avito/internal/infrastructure/sql_database/generated/sqlc/report_accounting.sql.go:29.105,38.2 2 0
balance_avito/internal/infrastructure/sql_database/generated/sqlc/report_accounting.sql.go:56.110,58.16 2 0
balance_avito/internal/infrastructure/sql_database/generated/sqlc/report_accounting.sql.go:61.2,63.18 3 0
balance_avito/internal/infrastructure/sql_database/generated/sqlc/report_accounting.sql.go:70.2,70.37 1 0
balance_avito/internal/infrastructure/sql_database/generated/sqlc/report_accounting.sql.go:73.2,73.35 1 0
balance_avito/internal/infrastructure/sql_database/generated/sqlc/report_accounting.sql.go:76.2,76.19 1 0
balance_avito/internal/infrastructure/sql_database/generated/sqlc/report_accounting.sql.go:58.16,60.3 1 0
balance_avito/internal/infrastructure/sql_database/generated/sqlc/report_accounting.sql.go:63.18,65.60 2 0
balance_avito/internal/infrastructure/sql_database/generated/sqlc/report_accounting.sql.go:68.3,68.27 1 0
balance_avito/internal/infrastructure/sql_database/generated/sqlc/report_accounting.sql.go:65.60,67.4 1 0
balance_avito/internal/infrastructure/sql_database/generated/sqlc/report_accounting.sql.go:70.37,72.3 1 0
balance_avito/internal/infrastructure/sql_database/generated/sqlc/report_accounting.sql.go:73.35,75.3 1 0
balance_avito/internal/infrastructure/sql_database/adapter/report.go:11.124,16.50 2 0
balance_avito/internal/infrastructure/sql_database/adapter/report.go:23.2,23.16 1 0
balance_avito/internal/infrastructure/sql_database/adapter/report.go:27.2,29.31 2 0
balance_avito/internal/infrastructure/sql_database/adapter/report.go:16.50,22.3 2 0
balance_avito/internal/infrastructure/sql_database/adapter/report.go:23.16,25.3 1 0
balance_avito/internal/infrastructure/sql_database/adapter/report.go:32.159,37.50 2 0
balance_avito/internal/infrastructure/sql_database/adapter/report.go:47.2,47.16 1 0
balance_avito/internal/infrastructure/sql_database/adapter/report.go:51.2,53.32 2 0
balance_avito/internal/infrastructure/sql_database/adapter/report.go:37.50,46.3 2 0
balance_avito/internal/infrastructure/sql_database/adapter/report.go:47.16,49.3 1 0
balance_avito/internal/infrastructure/sql_database/adapter/report.go:56.92,59.27 2 0
balance_avito/internal/infrastructure/sql_database/adapter/report.go:66.2,66.26 1 0
balance_avito/internal/infrastructure/sql_database/adapter/report.go:59.27,64.3 1 0
balance_avito/internal/infrastructure/sql_database/adapter/report.go:69.103,72.27 2 0
balance_avito/internal/infrastructure/sql_database/adapter/report.go:79.2,79.27 1 0
balance_avito/internal/infrastructure/sql_database/adapter/report.go:72.27,77.3 4 0
balance_avito/internal/handlers/report_handlers/mocks/mock_report.go:27.69,31.2 3 1
balance_avito/internal/handlers/report_handlers/mocks/mock_report.go:34.67,36.2 1 1
balance_avito/internal/handlers/report_handlers/mocks/mock_report.go:39.120,45.2 5 1
balance_avito/internal/handlers/report_handlers/mocks/mock_report.go:48.113,51.2 2 1
balance_avito/internal/handlers/report_handlers/mocks/mock_report.go:54.103,60.2 5 1
balance_avito/internal/handlers/report_handlers/mocks/mock_report.go:63.99,66.2 2 1
balance_avito/internal/handlers/report_handlers/mocks/mock_report.go:80.61,84.2 3 1
balance_avito/internal/handlers/report_handlers/mocks/mock_report.go:87.59,89.2 1 1
balance_avito/internal/handlers/report_handlers/mocks/mock_report.go:92.121,98.2 5 1
balance_avito/internal/handlers/report_handlers/mocks/mock_report.go:101.90,104.2 2 1
balance_avito/internal/handlers/report_handlers/mocks/mock_report.go:107.163,113.2 5 1
balance_avito/internal/handlers/report_handlers/mocks/mock_report.go:116.114,119.2 2 1
balance_avito/internal/handlers/fund_handlers/fund.go:24.33,26.2 1 0
balance_avito/internal/handlers/fund_handlers/fund.go:28.74,29.43 1 0
balance_avito/internal/handlers/fund_handlers/fund.go:32.2,32.34 1 0
balance_avito/internal/handlers/fund_handlers/fund.go:29.43,31.3 1 0
balance_avito/internal/handlers/fund_handlers/fund.go:35.87,36.47 1 0
balance_avito/internal/handlers/fund_handlers/fund.go:39.2,39.43 1 0
balance_avito/internal/handlers/fund_handlers/fund.go:36.47,38.3 1 0
balance_avito/internal/handlers/fund_handlers/fund.go:42.89,43.47 1 0
balance_avito/internal/handlers/fund_handlers/fund.go:46.2,46.45 1 0
balance_avito/internal/handlers/fund_handlers/fund.go:43.47,45.3 1 0
balance_avito/internal/handlers/fund_handlers/fund.go:49.89,50.47 1 0
balance_avito/internal/handlers/fund_handlers/fund.go:53.2,53.45 1 0
balance_avito/internal/handlers/fund_handlers/fund.go:50.47,52.3 1 0
balance_avito/internal/handlers/fund_handlers/fund.go:56.95,58.16 2 0
balance_avito/internal/handlers/fund_handlers/fund.go:62.2,63.16 2 0
balance_avito/internal/handlers/fund_handlers/fund.go:66.2,66.29 1 0
balance_avito/internal/handlers/fund_handlers/fund.go:58.16,60.3 1 0
balance_avito/internal/handlers/fund_handlers/fund.go:63.16,65.3 1 0
balance_avito/internal/infrastructure/echo_framework/report_echo/report_echo.go:24.42,26.2 1 0
balance_avito/internal/infrastructure/echo_framework/report_echo/report_echo.go:37.54,41.16 3 0
balance_avito/internal/infrastructure/echo_framework/report_echo/report_echo.go:46.2,47.16 2 0
balance_avito/internal/infrastructure/echo_framework/report_echo/report_echo.go:52.2,52.42 1 0
balance_avito/internal/infrastructure/echo_framework/report_echo/report_echo.go:41.16,44.3 2 0
balance_avito/internal/infrastructure/echo_framework/report_echo/report_echo.go:47.16,50.3 2 0
balance_avito/internal/infrastructure/echo_framework/report_echo/report_echo.go:65.63,69.16 3 0
balance_avito/internal/infrastructure/echo_framework/report_echo/report_echo.go:74.2,75.16 2 0
balance_avito/internal/infrastructure/echo_framework/report_echo/report_echo.go:80.2,81.16 2 0
balance_avito/internal/infrastructure/echo_framework/report_echo/report_echo.go:86.2,86.55 1 0
balance_avito/internal/infrastructure/echo_framework/report_echo/report_echo.go:69.16,72.3 2 0
balance_avito/internal/infrastructure/echo_framework/report_echo/report_echo.go:75.16,78.3 2 0
balance_avito/internal/infrastructure/echo_framework/report_echo/report_echo.go:81.16,84.3 2 0
balance_avito/internal/infrastructure/echo_framework/report_echo/report_echo.go:89.102,92.46 2 0
balance_avito/internal/infrastructure/echo_framework/report_echo/report_echo.go:109.2,109.25 1 0
balance_avito/internal/infrastructure/echo_framework/report_echo/report_echo.go:92.46,94.17 2 0
balance_avito/internal/infrastructure/echo_framework/report_echo/report_echo.go:98.3,98.14 1 0
balance_avito/internal/infrastructure/echo_framework/report_echo/report_echo.go:94.17,96.4 1 0
balance_avito/internal/infrastructure/echo_framework/report_echo/report_echo.go:99.19,100.40 1 0
balance_avito/internal/infrastructure/echo_framework/report_echo/report_echo.go:101.18,102.39 1 0
balance_avito/internal/infrastructure/echo_framework/report_echo/report_echo.go:103.16,104.37 1 0
balance_avito/internal/infrastructure/echo_framework/report_echo/report_echo.go:105.15,106.36 1 0
balance_avito/cmd/service/main.go:29.13,31.16 2 0
balance_avito/cmd/service/main.go:35.2,59.34 18 0
balance_avito/cmd/service/main.go:31.16,33.3 1 0
balance_avito/internal/handlers/report_handlers/report.go:28.57,30.2 1 1
balance_avito/internal/handlers/report_handlers/report.go:32.96,34.16 2 1
balance_avito/internal/handlers/report_handlers/report.go:38.2,39.16 2 1
balance_avito/internal/handlers/report_handlers/report.go:43.2,44.16 2 1
balance_avito/internal/handlers/report_handlers/report.go:48.2,48.20 1 1
balance_avito/internal/handlers/report_handlers/report.go:34.16,36.3 1 1
balance_avito/internal/handlers/report_handlers/report.go:39.16,41.3 1 1
balance_avito/internal/handlers/report_handlers/report.go:44.16,46.3 1 1
balance_avito/internal/handlers/report_handlers/report.go:51.135,53.16 2 1
balance_avito/internal/handlers/report_handlers/report.go:57.2,58.16 2 1
balance_avito/internal/handlers/report_handlers/report.go:62.2,63.16 2 1
balance_avito/internal/handlers/report_handlers/report.go:67.2,67.36 1 1
balance_avito/internal/handlers/report_handlers/report.go:53.16,55.3 1 1
balance_avito/internal/handlers/report_handlers/report.go:58.16,60.3 1 1
balance_avito/internal/handlers/report_handlers/report.go:63.16,65.3 1 1
balance_avito/internal/infrastructure/gocsv/adapter/go_csv_adapter.go:15.38,17.2 1 0
balance_avito/internal/infrastructure/gocsv/adapter/go_csv_adapter.go:19.109,22.2 2 0
balance_avito/internal/infrastructure/gocsv/adapter/go_csv_adapter.go:24.116,27.2 2 0
balance_avito/internal/infrastructure/gocsv/adapter/go_csv_adapter.go:33.71,34.62 1 0
balance_avito/internal/infrastructure/gocsv/adapter/go_csv_adapter.go:40.2,41.16 2 0
balance_avito/internal/infrastructure/gocsv/adapter/go_csv_adapter.go:45.2,45.20 1 0
balance_avito/internal/infrastructure/gocsv/adapter/go_csv_adapter.go:34.62,38.3 3 0
balance_avito/internal/infrastructure/gocsv/adapter/go_csv_adapter.go:41.16,43.3 1 0
balance_avito/internal/infrastructure/sql_database/generated/sqlc/accounts.sql.go:27.115,30.2 2 0
balance_avito/internal/infrastructure/sql_database/generated/sqlc/accounts.sql.go:37.82,42.2 4 0
balance_avito/internal/infrastructure/sql_database/generated/sqlc/accounts.sql.go:55.81,58.2 2 0
balance_avito/internal/infrastructure/sql_database/generated/sqlc/accounts.sql.go:71.85,74.2 2 0
balance_avito/internal/infrastructure/sql_database/generated/sqlc/reservation_accounts.sql.go:27.101,35.2 2 0
balance_avito/internal/infrastructure/sql_database/generated/sqlc/reservation_accounts.sql.go:42.83,45.2 2 0
balance_avito/internal/infrastructure/sql_database/generated/sqlc/reservation_accounts.sql.go:59.114,75.2 4 0
balance_avito/internal/infrastructure/sql_database/adapter/database.go:18.54,23.2 1 0
balance_avito/internal/infrastructure/sql_database/adapter/database.go:25.31,27.16 2 0
balance_avito/internal/infrastructure/sql_database/adapter/database.go:31.2,31.16 1 0
balance_avito/internal/infrastructure/sql_database/adapter/database.go:27.16,29.3 1 0
balance_avito/internal/infrastructure/sql_database/adapter/database.go:34.99,36.16 2 0
balance_avito/internal/infrastructure/sql_database/adapter/database.go:40.2,43.16 3 0
balance_avito/internal/infrastructure/sql_database/adapter/database.go:50.2,50.20 1 0
balance_avito/internal/infrastructure/sql_database/adapter/database.go:36.16,38.3 1 0
balance_avito/internal/infrastructure/sql_database/adapter/database.go:43.16,44.43 1 0
balance_avito/internal/infrastructure/sql_database/adapter/database.go:47.3,47.13 1 0
balance_avito/internal/infrastructure/sql_database/adapter/database.go:44.43,46.4 1 0
balance_avito/internal/infrastructure/sql_database/adapter/fund.go:14.85,15.51 1 0
balance_avito/internal/infrastructure/sql_database/adapter/fund.go:35.2,35.12 1 0
balance_avito/internal/infrastructure/sql_database/adapter/fund.go:15.51,21.17 2 0
balance_avito/internal/infrastructure/sql_database/adapter/fund.go:25.3,33.13 2 0
balance_avito/internal/infrastructure/sql_database/adapter/fund.go:21.17,23.4 1 0
balance_avito/internal/infrastructure/sql_database/adapter/fund.go:38.98,39.51 1 0
balance_avito/internal/infrastructure/sql_database/adapter/fund.go:67.2,67.12 1 0
balance_avito/internal/infrastructure/sql_database/adapter/fund.go:39.51,41.17 2 0
balance_avito/internal/infrastructure/sql_database/adapter/fund.go:45.3,45.52 1 0
balance_avito/internal/infrastructure/sql_database/adapter/fund.go:57.3,64.13 2 0
balance_avito/internal/infrastructure/sql_database/adapter/fund.go:41.17,43.4 1 0
balance_avito/internal/infrastructure/sql_database/adapter/fund.go:45.52,50.18 2 0
balance_avito/internal/infrastructure/sql_database/adapter/fund.go:50.18,52.5 1 0
balance_avito/internal/infrastructure/sql_database/adapter/fund.go:53.9,55.4 1 0
balance_avito/internal/infrastructure/sql_database/adapter/fund.go:70.100,71.51 1 0
balance_avito/internal/infrastructure/sql_database/adapter/fund.go:108.2,108.12 1 0
balance_avito/internal/infrastructure/sql_database/adapter/fund.go:71.51,78.17 2 0
balance_avito/internal/infrastructure/sql_database/adapter/fund.go:82.3,83.17 2 0
balance_avito/internal/infrastructure/sql_database/adapter/fund.go:87.3,94.17 2 0
balance_avito/internal/infrastructure/sql_database/adapter/fund.go:98.3,106.13 2 0
balance_avito/internal/infrastructure/sql_database/adapter/fund.go:78.17,80.4 1 0
balance_avito/internal/infrastructure/sql_database/adapter/fund.go:83.17,85.4 1 0
balance_avito/internal/infrastructure/sql_database/adapter/fund.go:94.17,96.4 1 0
balance_avito/internal/infrastructure/sql_database/adapter/fund.go:111.100,112.51 1 0
balance_avito/internal/infrastructure/sql_database/adapter/fund.go:146.2,146.12 1 0
balance_avito/internal/infrastructure/sql_database/adapter/fund.go:112.51,119.17 2 0
balance_avito/internal/infrastructure/sql_database/adapter/fund.go:123.3,124.17 2 0
balance_avito/internal/infrastructure/sql_database/adapter/fund.go:128.3,132.17 2 0
balance_avito/internal/infrastructure/sql_database/adapter/fund.go:136.3,144.13 2 0
balance_avito/internal/infrastructure/sql_database/adapter/fund.go:119.17,121.4 1 0
balance_avito/internal/infrastructure/sql_database/adapter/fund.go:124.17,126.4 1 0
balance_avito/internal/infrastructure/sql_database/adapter/fund.go:132.17,134.4 1 0
balance_avito/internal/infrastructure/sql_database/adapter/fund.go:149.107,150.51 1 0
balance_avito/internal/infrastructure/sql_database/adapter/fund.go:160.2,160.21 1 0
balance_avito/internal/infrastructure/sql_database/adapter/fund.go:150.51,152.17 2 0
balance_avito/internal/infrastructure/sql_database/adapter/fund.go:157.3,158.13 2 0
balance_avito/internal/infrastructure/sql_database/adapter/fund.go:152.17,155.4 2 0
balance_avito/internal/infrastructure/gocsv/adapter/go_csv_adapter.go:15.38,17.2 1 0
balance_avito/internal/infrastructure/gocsv/adapter/go_csv_adapter.go:19.109,22.2 2 0
balance_avito/internal/infrastructure/gocsv/adapter/go_csv_adapter.go:24.116,27.2 2 0
balance_avito/internal/infrastructure/gocsv/adapter/go_csv_adapter.go:33.71,34.62 1 0
balance_avito/internal/infrastructure/gocsv/adapter/go_csv_adapter.go:40.2,41.16 2 0
balance_avito/internal/infrastructure/gocsv/adapter/go_csv_adapter.go:45.2,45.20 1 0
balance_avito/internal/infrastructure/gocsv/adapter/go_csv_adapter.go:34.62,38.3 3 0
balance_avito/internal/infrastructure/gocsv/adapter/go_csv_adapter.go:41.16,43.3 1 0
balance_avito/internal/infrastructure/sql_database/generated/sqlc/accounts.sql.go:27.115,30.2 2 0
balance_avito/internal/infrastructure/sql_database/generated/sqlc/accounts.sql.go:37.82,42.2 4 0
balance_avito/internal/infrastructure/sql_database/generated/sqlc/accounts.sql.go:55.81,58.2 2 0
balance_avito/internal/infrastructure/sql_database/generated/sqlc/accounts.sql.go:71.85,74.2 2 0
balance_avito/internal/infrastructure/sql_database/generated/sqlc/db.go:19.28,21.2 1 0
balance_avito/internal/infrastructure/sql_database/generated/sqlc/db.go:27.47,31.2 1 0
balance_avito/internal/infrastructure/sql_database/generated/sqlc/get_transactions_history.sql.go:33.59,36.35 2 0
balance_avito/internal/infrastructure/sql_database/generated/sqlc/get_transactions_history.sql.go:46.2,46.14 1 0
balance_avito/internal/infrastructure/sql_database/generated/sqlc/get_transactions_history.sql.go:36.35,38.3 1 0
balance_avito/internal/infrastructure/sql_database/generated/sqlc/get_transactions_history.sql.go:38.8,38.26 1 0
balance_avito/internal/infrastructure/sql_database/generated/sqlc/get_transactions_history.sql.go:38.26,40.3 1 0
balance_avito/internal/infrastructure/sql_database/generated/sqlc/get_transactions_history.sql.go:40.8,40.25 1 0
balance_avito/internal/infrastructure/sql_database/generated/sqlc/get_transactions_history.sql.go:40.25,42.3 1 0
balance_avito/internal/infrastructure/sql_database/generated/sqlc/get_transactions_history.sql.go:42.8,44.3 1 0
balance_avito/internal/infrastructure/sql_database/generated/sqlc/get_transactions_history.sql.go:49.131,53.16 3 0
balance_avito/internal/infrastructure/sql_database/generated/sqlc/get_transactions_history.sql.go:56.2,58.18 3 0
balance_avito/internal/infrastructure/sql_database/generated/sqlc/get_transactions_history.sql.go:70.2,70.37 1 0
balance_avito/internal/infrastructure/sql_database/generated/sqlc/get_transactions_history.sql.go:73.2,73.35 1 0
balance_avito/internal/infrastructure/sql_database/generated/sqlc/get_transactions_history.sql.go:76.2,76.19 1 0
balance_avito/internal/infrastructure/sql_database/generated/sqlc/get_transactions_history.sql.go:53.16,55.3 1 0
balance_avito/internal/infrastructure/sql_database/generated/sqlc/get_transactions_history.sql.go:58.18,65.17 2 0
balance_avito/internal/infrastructure/sql_database/generated/sqlc/get_transactions_history.sql.go:68.3,68.27 1 0
balance_avito/internal/infrastructure/sql_database/generated/sqlc/get_transactions_history.sql.go:65.17,67.4 1 0
balance_avito/internal/infrastructure/sql_database/generated/sqlc/get_transactions_history.sql.go:70.37,72.3 1 0
balance_avito/internal/infrastructure/sql_database/generated/sqlc/get_transactions_history.sql.go:73.35,75.3 1 0
balance_avito/internal/handlers/fund_handlers/mocks/mock_fund.go:27.61,31.2 3 1
balance_avito/internal/handlers/fund_handlers/mocks/mock_fund.go:34.59,36.2 1 1
balance_avito/internal/handlers/fund_handlers/mocks/mock_fund.go:39.97,44.2 4 1
balance_avito/internal/handlers/fund_handlers/mocks/mock_fund.go:47.94,50.2 2 1
balance_avito/internal/handlers/fund_handlers/mocks/mock_fund.go:53.82,58.2 4 1
balance_avito/internal/handlers/fund_handlers/mocks/mock_fund.go:61.83,64.2 2 1
balance_avito/internal/handlers/fund_handlers/mocks/mock_fund.go:67.104,73.2 5 1
balance_avito/internal/handlers/fund_handlers/mocks/mock_fund.go:76.87,79.2 2 1
balance_avito/internal/handlers/fund_handlers/mocks/mock_fund.go:82.97,87.2 4 1
balance_avito/internal/handlers/fund_handlers/mocks/mock_fund.go:90.94,93.2 2 1
balance_avito/internal/handlers/fund_handlers/mocks/mock_fund.go:96.95,101.2 4 1
balance_avito/internal/handlers/fund_handlers/mocks/mock_fund.go:104.92,107.2 2 1
balance_avito/internal/infrastructure/echo_framework/fund_echo/fund_echo.go:26.38,28.2 1 0
balance_avito/internal/infrastructure/echo_framework/fund_echo/fund_echo.go:39.50,43.16 3 0
balance_avito/internal/infrastructure/echo_framework/fund_echo/fund_echo.go:48.2,49.16 2 0
balance_avito/internal/infrastructure/echo_framework/fund_echo/fund_echo.go:54.2,54.37 1 0
balance_avito/internal/infrastructure/echo_framework/fund_echo/fund_echo.go:43.16,46.3 2 0
balance_avito/internal/infrastructure/echo_framework/fund_echo/fund_echo.go:49.16,52.3 2 0
balance_avito/internal/infrastructure/echo_framework/fund_echo/fund_echo.go:66.55,70.16 3 0
balance_avito/internal/infrastructure/echo_framework/fund_echo/fund_echo.go:75.2,76.16 2 0
balance_avito/internal/infrastructure/echo_framework/fund_echo/fund_echo.go:81.2,81.37 1 0
balance_avito/internal/infrastructure/echo_framework/fund_echo/fund_echo.go:70.16,73.3 2 0
balance_avito/internal/infrastructure/echo_framework/fund_echo/fund_echo.go:76.16,79.3 2 0
balance_avito/internal/infrastructure/echo_framework/fund_echo/fund_echo.go:93.57,97.16 3 0
balance_avito/internal/infrastructure/echo_framework/fund_echo/fund_echo.go:102.2,103.16 2 0
balance_avito/internal/infrastructure/echo_framework/fund_echo/fund_echo.go:108.2,108.37 1 0
balance_avito/internal/infrastructure/echo_framework/fund_echo/fund_echo.go:97.16,100.3 2 0
balance_avito/internal/infrastructure/echo_framework/fund_echo/fund_echo.go:103.16,106.3 2 0
balance_avito/internal/infrastructure/echo_framework/fund_echo/fund_echo.go:120.57,124.16 3 0
balance_avito/internal/infrastructure/echo_framework/fund_echo/fund_echo.go:129.2,130.16 2 0
balance_avito/internal/infrastructure/echo_framework/fund_echo/fund_echo.go:135.2,135.37 1 0
balance_avito/internal/infrastructure/echo_framework/fund_echo/fund_echo.go:124.16,127.3 2 0
balance_avito/internal/infrastructure/echo_framework/fund_echo/fund_echo.go:130.16,133.3 2 0
balance_avito/internal/infrastructure/echo_framework/fund_echo/fund_echo.go:147.54,151.16 3 0
balance_avito/internal/infrastructure/echo_framework/fund_echo/fund_echo.go:156.2,157.16 2 0
balance_avito/internal/infrastructure/echo_framework/fund_echo/fund_echo.go:162.2,162.86 1 0
balance_avito/internal/infrastructure/echo_framework/fund_echo/fund_echo.go:151.16,154.3 2 0
balance_avito/internal/infrastructure/echo_framework/fund_echo/fund_echo.go:157.16,160.3 2 0
balance_avito/internal/models/models.go:63.40,64.27 1 1
balance_avito/internal/models/models.go:68.2,68.28 1 1
balance_avito/internal/models/models.go:72.2,72.30 1 1
balance_avito/internal/models/models.go:76.2,76.25 1 1
balance_avito/internal/models/models.go:80.2,80.12 1 1
balance_avito/internal/models/models.go:64.27,66.3 1 1
balance_avito/internal/models/models.go:68.28,70.3 1 1
balance_avito/internal/models/models.go:72.30,74.3 1 1
balance_avito/internal/models/models.go:76.25,78.3 1 1
balance_avito/internal/models/models.go:83.36,84.27 1 1
balance_avito/internal/models/models.go:87.2,87.27 1 1
balance_avito/internal/models/models.go:91.2,91.12 1 1
balance_avito/internal/models/models.go:84.27,86.3 1 1
balance_avito/internal/models/models.go:87.27,89.3 1 1
balance_avito/internal/models/models.go:94.35,95.27 1 1
balance_avito/internal/models/models.go:98.2,98.12 1 1
balance_avito/internal/models/models.go:95.27,97.3 1 1
balance_avito/internal/models/models.go:101.54,102.27 1 0
balance_avito/internal/models/models.go:105.2,105.18 1 0
balance_avito/internal/models/models.go:108.2,108.40 1 0
balance_avito/internal/models/models.go:111.2,111.38 1 0
balance_avito/internal/models/models.go:114.2,114.17 1 0
balance_avito/internal/models/models.go:117.2,117.12 1 0
balance_avito/internal/models/models.go:102.27,104.3 1 0
balance_avito/internal/models/models.go:105.18,107.3 1 0
balance_avito/internal/models/models.go:108.40,110.3 1 0
balance_avito/internal/models/models.go:111.38,113.3 1 0
balance_avito/internal/models/models.go:114.17,116.3 1 0
balance_avito/internal/models/models.go:120.39,121.33 1 0
balance_avito/internal/models/models.go:124.2,124.36 1 0
balance_avito/internal/models/models.go:127.2,127.12 1 0
balance_avito/internal/models/models.go:121.33,123.3 1 0
balance_avito/internal/models/models.go:124.36,126.3 1 0
balance_avito/internal/infrastructure/sql_database/adapter/fund.go:14.85,15.51 1 0
balance_avito/internal/infrastructure/sql_database/adapter/fund.go:35.2,35.12 1 0
balance_avito/internal/infrastructure/sql_database/adapter/fund.go:15.51,21.17 2 0
balance_avito/internal/infrastructure/sql_database/adapter/fund.go:25.3,33.13 2 0
balance_avito/internal/infrastructure/sql_database/adapter/fund.go:21.17,23.4 1 0
balance_avito/internal/infrastructure/sql_database/adapter/fund.go:38.98,39.51 1 0
balance_avito/internal/infrastructure/sql_database/adapter/fund.go:67.2,67.12 1 0
balance_avito/internal/infrastructure/sql_database/adapter/fund.go:39.51,41.17 2 0
balance_avito/internal/infrastructure/sql_database/adapter/fund.go:45.3,45.52 1 0
balance_avito/internal/infrastructure/sql_database/adapter/fund.go:57.3,64.13 2 0
balance_avito/internal/infrastructure/sql_database/adapter/fund.go:41.17,43.4 1 0
balance_avito/internal/infrastructure/sql_database/adapter/fund.go:45.52,50.18 2 0
balance_avito/internal/infrastructure/sql_database/adapter/fund.go:50.18,52.5 1 0
balance_avito/internal/infrastructure/sql_database/adapter/fund.go:53.9,55.4 1 0
balance_avito/internal/infrastructure/sql_database/adapter/fund.go:70.100,71.51 1 0
balance_avito/internal/infrastructure/sql_database/adapter/fund.go:108.2,108.12 1 0
balance_avito/internal/infrastructure/sql_database/adapter/fund.go:71.51,78.17 2 0
balance_avito/internal/infrastructure/sql_database/adapter/fund.go:82.3,83.17 2 0
balance_avito/internal/infrastructure/sql_database/adapter/fund.go:87.3,94.17 2 0
balance_avito/internal/infrastructure/sql_database/adapter/fund.go:98.3,106.13 2 0
balance_avito/internal/infrastructure/sql_database/adapter/fund.go:78.17,80.4 1 0
balance_avito/internal/infrastructure/sql_database/adapter/fund.go:83.17,85.4 1 0
balance_avito/internal/infrastructure/sql_database/adapter/fund.go:94.17,96.4 1 0
balance_avito/internal/infrastructure/sql_database/adapter/fund.go:111.100,112.51 1 0
balance_avito/internal/infrastructure/sql_database/adapter/fund.go:146.2,146.12 1 0
balance_avito/internal/infrastructure/sql_database/adapter/fund.go:112.51,119.17 2 0
balance_avito/internal/infrastructure/sql_database/adapter/fund.go:123.3,124.17 2 0
balance_avito/internal/infrastructure/sql_database/adapter/fund.go:128.3,132.17 2 0
balance_avito/internal/infrastructure/sql_database/adapter/fund.go:136.3,144.13 2 0
balance_avito/internal/infrastructure/sql_database/adapter/fund.go:119.17,121.4 1 0
balance_avito/internal/infrastructure/sql_database/adapter/fund.go:124.17,126.4 1 0
balance_avito/internal/infrastructure/sql_database/adapter/fund.go:132.17,134.4 1 0
balance_avito/internal/infrastructure/sql_database/adapter/fund.go:149.107,150.51 1 0
balance_avito/internal/infrastructure/sql_database/adapter/fund.go:160.2,160.21 1 0
balance_avito/internal/infrastructure/sql_database/adapter/fund.go:150.51,152.17 2 0
balance_avito/internal/infrastructure/sql_database/adapter/fund.go:157.3,158.13 2 0
balance_avito/internal/infrastructure/sql_database/adapter/fund.go:152.17,155.4 2 0
balance_avito/cmd/service/main.go:29.13,31.16 2 0
balance_avito/cmd/service/main.go:35.2,59.34 18 0
balance_avito/cmd/service/main.go:31.16,33.3 1 0
balance_avito/internal/handlers/fund_handlers/fund.go:24.33,26.2 1 1
balance_avito/internal/handlers/fund_handlers/fund.go:28.74,29.43 1 1
balance_avito/internal/handlers/fund_handlers/fund.go:32.2,32.34 1 1
balance_avito/internal/handlers/fund_handlers/fund.go:29.43,31.3 1 1
balance_avito/internal/handlers/fund_handlers/fund.go:35.87,36.47 1 1
balance_avito/internal/handlers/fund_handlers/fund.go:39.2,39.43 1 1
balance_avito/internal/handlers/fund_handlers/fund.go:36.47,38.3 1 1
balance_avito/internal/handlers/fund_handlers/fund.go:42.89,43.47 1 1
balance_avito/internal/handlers/fund_handlers/fund.go:46.2,46.45 1 1
balance_avito/internal/handlers/fund_handlers/fund.go:43.47,45.3 1 1
balance_avito/internal/handlers/fund_handlers/fund.go:49.89,50.47 1 1
balance_avito/internal/handlers/fund_handlers/fund.go:53.2,53.45 1 1
balance_avito/internal/handlers/fund_handlers/fund.go:50.47,52.3 1 1
balance_avito/internal/handlers/fund_handlers/fund.go:56.95,58.16 2 1
balance_avito/internal/handlers/fund_handlers/fund.go:62.2,63.16 2 1
balance_avito/internal/handlers/fund_handlers/fund.go:66.2,66.29 1 1
balance_avito/internal/handlers/fund_handlers/fund.go:58.16,60.3 1 1
balance_avito/internal/handlers/fund_handlers/fund.go:63.16,65.3 1 1
balance_avito/internal/models/types/types.go:19.34,21.2 1 0
balance_avito/internal/models/types/types.go:23.36,25.2 1 0
balance_avito/internal/models/types/types.go:27.33,29.2 1 0
balance_avito/internal/models/types/types.go:31.36,33.2 1 0
balance_avito/internal/models/types/types.go:35.30,37.2 1 0
balance_avito/internal/models/types/types.go:39.29,41.2 1 0
balance_avito/internal/models/types/types.go:43.32,45.2 1 0
balance_avito/internal/models/types/types.go:47.34,49.2 1 0
balance_avito/internal/models/types/types.go:51.31,53.2 1 1
balance_avito/internal/models/types/types.go:55.31,57.2 1 1
balance_avito/internal/models/types/types.go:59.34,61.2 1 0
balance_avito/internal/models/types/types.go:63.32,65.2 1 1
balance_avito/internal/models/types/types.go:67.29,69.2 1 1
balance_avito/internal/infrastructure/sql_database/adapter/report.go:11.124,16.50 2 0
balance_avito/internal/infrastructure/sql_database/adapter/report.go:23.2,23.16 1 0
balance_avito/internal/infrastructure/sql_database/adapter/report.go:27.2,29.31 2 0
balance_avito/internal/infrastructure/sql_database/adapter/report.go:16.50,22.3 2 0
balance_avito/internal/infrastructure/sql_database/adapter/report.go:23.16,25.3 1 0
balance_avito/internal/infrastructure/sql_database/adapter/report.go:32.159,37.50 2 0
balance_avito/internal/infrastructure/sql_database/adapter/report.go:47.2,47.16 1 0
balance_avito/internal/infrastructure/sql_database/adapter/report.go:51.2,53.32 2 0
balance_avito/internal/infrastructure/sql_database/adapter/report.go:37.50,46.3 2 0
balance_avito/internal/infrastructure/sql_database/adapter/report.go:47.16,49.3 1 0
balance_avito/internal/infrastructure/sql_database/adapter/report.go:56.92,59.27 2 0
balance_avito/internal/infrastructure/sql_database/adapter/report.go:66.2,66.26 1 0
balance_avito/internal/infrastructure/sql_database/adapter/report.go:59.27,64.3 1 0
balance_avito/internal/infrastructure/sql_database/adapter/report.go:69.103,72.27 2 0
balance_avito/internal/infrastructure/sql_database/adapter/report.go:79.2,79.27 1 0
balance_avito/internal/infrastructure/sql_database/adapter/report.go:72.27,77.3 4 0
balance_avito/internal/handlers/report_handlers/mocks/mock_report.go:27.69,31.2 3 0
balance_avito/internal/handlers/report_handlers/mocks/mock_report.go:34.67,36.2 1 0
balance_avito/internal/handlers/report_handlers/mocks/mock_report.go:39.120,45.2 5 0
balance_avito/internal/handlers/report_handlers/mocks/mock_report.go:48.113,51.2 2 0
balance_avito/internal/handlers/report_handlers/mocks/mock_report.go:54.103,60.2 5 0
balance_avito/internal/handlers/report_handlers/mocks/mock_report.go:63.99,66.2 2 0
balance_avito/internal/handlers/report_handlers/mocks/mock_report.go:80.61,84.2 3 0
balance_avito/internal/handlers/report_handlers/mocks/mock_report.go:87.59,89.2 1 0
balance_avito/internal/handlers/report_handlers/mocks/mock_report.go:92.121,98.2 5 0
balance_avito/internal/handlers/report_handlers/mocks/mock_report.go:101.90,104.2 2 0
balance_avito/internal/handlers/report_handlers/mocks/mock_report.go:107.163,113.2 5 0
balance_avito/internal/handlers/report_handlers/mocks/mock_report.go:116.114,119.2 2 0
balance_avito/internal/infrastructure/echo_framework/report_echo/report_echo.go:24.42,26.2 1 0
balance_avito/internal/infrastructure/echo_framework/report_echo/report_echo.go:37.54,41.16 3 0
balance_avito/internal/infrastructure/echo_framework/report_echo/report_echo.go:46.2,47.16 2 0
balance_avito/internal/infrastructure/echo_framework/report_echo/report_echo.go:52.2,52.42 1 0
balance_avito/internal/infrastructure/echo_framework/report_echo/report_echo.go:41.16,44.3 2 0
balance_avito/internal/infrastructure/echo_framework/report_echo/report_echo.go:47.16,50.3 2 0
balance_avito/internal/infrastructure/echo_framework/report_echo/report_echo.go:65.63,69.16 3 0
balance_avito/internal/infrastructure/echo_framework/report_echo/report_echo.go:74.2,75.16 2 0
balance_avito/internal/infrastructure/echo_framework/report_echo/report_echo.go:80.2,81.16 2 0
balance_avito/internal/infrastructure/echo_framework/report_echo/report_echo.go:86.2,86.55 1 0
balance_avito/internal/infrastructure/echo_framework/report_echo/report_echo.go:69.16,72.3 2 0
balance_avito/internal/infrastructure/echo_framework/report_echo/report_echo.go:75.16,78.3 2 0
balance_avito/internal/infrastructure/echo_framework/report_echo/report_echo.go:81.16,84.3 2 0
balance_avito/internal/infrastructure/echo_framework/report_echo/report_echo.go:89.102,92.46 2 0
balance_avito/internal/infrastructure/echo_framework/report_echo/report_echo.go:109.2,109.25 1 0
balance_avito/internal/infrastructure/echo_framework/report_echo/report_echo.go:92.46,94.17 2 0
balance_avito/internal/infrastructure/echo_framework/report_echo/report_echo.go:98.3,98.14 1 0
balance_avito/internal/infrastructure/echo_framework/report_echo/report_echo.go:94.17,96.4 1 0
balance_avito/internal/infrastructure/echo_framework/report_echo/report_echo.go:99.19,100.40 1 0
balance_avito/internal/infrastructure/echo_framework/report_echo/report_echo.go:101.18,102.39 1 0
balance_avito/internal/infrastructure/echo_framework/report_echo/report_echo.go:103.16,104.37 1 0
balance_avito/internal/infrastructure/echo_framework/report_echo/report_echo.go:105.15,106.36 1 0
balance_avito/internal/handlers/report_handlers/report.go:28.57,30.2 1 0
balance_avito/internal/handlers/report_handlers/report.go:32.96,34.16 2 0
balance_avito/internal/handlers/report_handlers/report.go:38.2,39.16 2 0
balance_avito/internal/handlers/report_handlers/report.go:43.2,44.16 2 0
balance_avito/internal/handlers/report_handlers/report.go:48.2,48.20 1 0
balance_avito/internal/handlers/report_handlers/report.go:34.16,36.3 1 0
balance_avito/internal/handlers/report_handlers/report.go:39.16,41.3 1 0
balance_avito/internal/handlers/report_handlers/report.go:44.16,46.3 1 0
balance_avito/internal/handlers/report_handlers/report.go:51.135,53.16 2 0
balance_avito/internal/handlers/report_handlers/report.go:57.2,58.16 2 0
balance_avito/internal/handlers/report_handlers/report.go:62.2,63.16 2 0
balance_avito/internal/handlers/report_handlers/report.go:67.2,67.36 1 0
balance_avito/internal/handlers/report_handlers/report.go:53.16,55.3 1 0
balance_avito/internal/handlers/report_handlers/report.go:58.16,60.3 1 0
balance_avito/internal/handlers/report_handlers/report.go:63.16,65.3 1 0
balance_avito/internal/infrastructure/sql_database/generated/sqlc/report_accounting.sql.go:29.105,38.2 2 0
balance_avito/internal/infrastructure/sql_database/generated/sqlc/report_accounting.sql.go:56.110,58.16 2 0
balance_avito/internal/infrastructure/sql_database/generated/sqlc/report_accounting.sql.go:61.2,63.18 3 0
balance_avito/internal/infrastructure/sql_database/generated/sqlc/report_accounting.sql.go:70.2,70.37 1 0
balance_avito/internal/infrastructure/sql_database/generated/sqlc/report_accounting.sql.go:73.2,73.35 1 0
balance_avito/internal/infrastructure/sql_database/generated/sqlc/report_accounting.sql.go:76.2,76.19 1 0
balance_avito/internal/infrastructure/sql_database/generated/sqlc/report_accounting.sql.go:58.16,60.3 1 0
balance_avito/internal/infrastructure/sql_database/generated/sqlc/report_accounting.sql.go:63.18,65.60 2 0
balance_avito/internal/infrastructure/sql_database/generated/sqlc/report_accounting.sql.go:68.3,68.27 1 0
balance_avito/internal/infrastructure/sql_database/generated/sqlc/report_accounting.sql.go:65.60,67.4 1 0
balance_avito/internal/infrastructure/sql_database/generated/sqlc/report_accounting.sql.go:70.37,72.3 1 0
balance_avito/internal/infrastructure/sql_database/generated/sqlc/report_accounting.sql.go:73.35,75.3 1 0
balance_avito/internal/infrastructure/sql_database/generated/sqlc/reservation_accounts.sql.go:27.101,35.2 2 0
balance_avito/internal/infrastructure/sql_database/generated/sqlc/reservation_accounts.sql.go:42.83,45.2 2 0
balance_avito/internal/infrastructure/sql_database/generated/sqlc/reservation_accounts.sql.go:59.114,75.2 4 0
balance_avito/internal/infrastructure/sql_database/generated/sqlc/transactions_history.sql.go:29.99,38.2 2 0
balance_avito/internal/infrastructure/sql_database/adapter/database.go:18.54,23.2 1 0
balance_avito/internal/infrastructure/sql_database/adapter/database.go:25.31,27.16 2 0
balance_avito/internal/infrastructure/sql_database/adapter/database.go:31.2,31.16 1 0
balance_avito/internal/infrastructure/sql_database/adapter/database.go:27.16,29.3 1 0
balance_avito/internal/infrastructure/sql_database/adapter/database.go:34.99,36.16 2 0
balance_avito/internal/infrastructure/sql_database/adapter/database.go:40.2,43.16 3 0
balance_avito/internal/infrastructure/sql_database/adapter/database.go:50.2,50.20 1 0
balance_avito/internal/infrastructure/sql_database/adapter/database.go:36.16,38.3 1 0
balance_avito/internal/infrastructure/sql_database/adapter/database.go:43.16,44.43 1 0
balance_avito/internal/infrastructure/sql_database/adapter/database.go:47.3,47.13 1 0
balance_avito/internal/infrastructure/sql_database/adapter/database.go:44.43,46.4 1 0
balance_avito/docs/docs.go:371.13,373.2 1 1
